24/08/2011 14:22:37 Xvnc version X.org/xf4vnc custom version
24/08/2011 14:22:37 Copyright (C) 2001-2004 Alan Hourihane.
24/08/2011 14:22:37 Copyright (C) 2000-2004 Constantin Kaplinsky
24/08/2011 14:22:37 Copyright (C) 1999 AT&T Laboratories Cambridge
24/08/2011 14:22:37 All Rights Reserved.
24/08/2011 14:22:37 See http://www.tightvnc.com/ for information on TightVNC
24/08/2011 14:22:37 See http://xf4vnc.sf.net for xf4vnc-specific information
24/08/2011 14:22:37 Desktop name 'X' (hopper02:03)
24/08/2011 14:22:37 Protocol versions supported: 3.7, 3.3
24/08/2011 14:22:37 RGB format 8 8 8
24/08/2011 14:22:37 Listening for VNC connections on TCP port 5903
24/08/2011 14:22:37 Listening for HTTP connections on TCP port 5803
24/08/2011 14:22:37   URL http://hopper02:5803
Could not init font path element /usr/share/fonts/local, removing from list!
Could not init font path element /usr/share/fonts/uni, removing from list!
Could not init font path element /usr/share/fonts/CID, removing from list!
Xlib:  extension "RANDR" missing on display "hopper02:3.0".
Xlib:  extension "RANDR" missing on display "hopper02:3.0".
Xlib:  extension "RANDR" missing on display "hopper02:3.0".

** (gnome-keyring-daemon:25117): WARNING **: failed to initialize a HAL context: (null)

** Message: Scheduling hal init retry
Xlib:  extension "RANDR" missing on display "hopper02:3.0".
Window manager warning: Failed to read saved session file /global/homes/b/bsingh/.config/metacity/sessions/10e06d787662e14325131422095873715100000250160013.ms: Failed to open file '/global/homes/b/bsingh/.config/metacity/sessions/10e06d787662e14325131422095873715100000250160013.ms': No such file or directory
Xlib:  extension "RANDR" missing on display "hopper02:3.0".
Xlib:  extension "RANDR" missing on display "hopper02:3.0".
Xlib:  extension "RANDR" missing on display "hopper02:3.0".
W: main.c: High-priority scheduling enabled in configuration but not allowed by policy.
Xlib:  extension "RANDR" missing on display "hopper02:3.0".
Xlib:  extension "RANDR" missing on display "hopper02:3.0".

(nautilus:25171): nautilus-extension-gnome-mount-WARNING **: Failed to initialize libhal context: (null) : (null)

(nautilus:25171): nautilus-extension-gnome-mount-WARNING **: Could not initialize hal context

Initializing nautilus-open-terminal extension
Initializing nautilus-share extension

(nautilus:25171): GVFS-RemoteVolumeMonitor-WARNING **: remote volume monitor with dbus name org.gtk.Private.HalVolumeMonitor is not supported
E: main.c: Daemon startup failed.

(nautilus:25171): GVFS-RemoteVolumeMonitor-WARNING **: remote volume monitor with dbus name org.gtk.Private.GPhoto2VolumeMonitor is not supported
[35;01mwarning: No hp: or hpfax: devices found in any installed CUPS queue. Exiting.[0m

[01mHP Linux Imaging and Printing System (ver. 2.8.7)[0m
[01mSystem Tray Status Service ver. 0.1[0m

Copyright (c) 2001-8 Hewlett-Packard Development Company, LP
This software comes with ABSOLUTELY NO WARRANTY.
This is free software, and you are welcome to distribute it
under certain conditions. See COPYING file for more details.

Xlib:  extension "RANDR" missing on display "hopper02:3.0".
system-config-printer-applet: failed to start NewPrinterNotification service
Failed to play sound: Not available
polkit-read-auth-helper: needs to be setgid polkituser

(gnome-panel:25154): Gtk-WARNING **: gtk_widget_size_allocate(): attempt to allocate widget with width -13 and height 24

** (nautilus:25171): WARNING **: Unable to add monitor: Not supported
24/08/2011 14:22:41 
24/08/2011 14:22:41 Got VNC connection from client 127.0.0.1
24/08/2011 14:22:41 Using protocol version 3.7
24/08/2011 14:22:44 Full-control authentication passed by 127.0.0.1
24/08/2011 14:22:44 Pixel format for client 127.0.0.1:
24/08/2011 14:22:44   8 bpp, depth 8
24/08/2011 14:22:44   true colour: max r 3 g 3 b 3, shift r 4 g 2 b 0
24/08/2011 14:22:44 Enabling full-color cursor updates for client 127.0.0.1
24/08/2011 14:22:44 rfbProcessClientNormalMessage: ignoring unknown encoding -223
24/08/2011 14:22:44 rfbProcessClientNormalMessage: ignoring unknown encoding 16
24/08/2011 14:22:44 Using copyrect encoding for client 127.0.0.1
24/08/2011 14:22:44 Using hextile encoding for client 127.0.0.1
24/08/2011 14:22:44 Pixel format for client 127.0.0.1:
24/08/2011 14:22:44   32 bpp, depth 24, little endian
24/08/2011 14:22:44   true colour: max r 255 g 255 b 255, shift r 16 g 8 b 0
24/08/2011 14:22:44   no translation needed
24/08/2011 14:22:44 Enabling full-color cursor updates for client 127.0.0.1
24/08/2011 14:22:44 rfbProcessClientNormalMessage: ignoring unknown encoding -223
24/08/2011 14:22:44 Using hextile encoding for client 127.0.0.1
24/08/2011 14:22:44 Using copyrect encoding for client 127.0.0.1
24/08/2011 14:22:44 rfbProcessClientNormalMessage: ignoring unknown encoding 16
24/08/2011 14:22:44 rfbSendUpdateBuf: write: Broken pipe
24/08/2011 14:22:44 rfbClientConnectionGone
24/08/2011 14:22:44 VNC Client 127.0.0.1 gone
24/08/2011 14:22:44 Statistics:
24/08/2011 14:22:44   key events received 0, pointer events 1
24/08/2011 14:22:44   framebuffer updates 8, rectangles 10, bytes 345821
24/08/2011 14:22:44     cursor shape updates 8, bytes 7008
24/08/2011 14:22:44     hextile rectangles 2, bytes 338813
24/08/2011 14:22:44   raw bytes equivalent 9730824, compression ratio 28.720338
24/08/2011 14:22:44 GenerateVncDisconnectedEvent
24/08/2011 14:22:45 
24/08/2011 14:22:45 Got VNC connection from client 127.0.0.1
24/08/2011 14:22:45 Using protocol version 3.7
24/08/2011 14:22:45 Full-control authentication passed by 127.0.0.1
24/08/2011 14:22:45 Pixel format for client 127.0.0.1:
24/08/2011 14:22:45   32 bpp, depth 24, little endian
24/08/2011 14:22:45   true colour: max r 255 g 255 b 255, shift r 16 g 8 b 0
24/08/2011 14:22:45   no translation needed
24/08/2011 14:22:45 Enabling full-color cursor updates for client 127.0.0.1
24/08/2011 14:22:45 rfbProcessClientNormalMessage: ignoring unknown encoding -223
24/08/2011 14:22:45 Using hextile encoding for client 127.0.0.1
24/08/2011 14:22:45 Using copyrect encoding for client 127.0.0.1
24/08/2011 14:22:45 rfbProcessClientNormalMessage: ignoring unknown encoding 16
24/08/2011 19:25:00 Pixel format for client 127.0.0.1:
24/08/2011 19:25:00   32 bpp, depth 24, little endian
24/08/2011 19:25:00   true colour: max r 255 g 255 b 255, shift r 16 g 8 b 0
24/08/2011 19:25:00   no translation needed
