Unrecognized option: -kill:03
use: X [:<display>] [option]
-a #                   mouse acceleration (pixels)
-ac                    disable access control restrictions
-audit int             set audit trail level
-auth file             select authorization file
-br                    create root window with black background
+bs                    enable any backing store support
-bs                    disable any backing store support
-c                     turns off key-click
c #                    key-click volume (0-100)
-cc int                default color visual class
-core                  generate core dump on fatal error
-dpi int               screen resolution in dots per inch
dpms                   enables VESA DPMS monitor control
-dpms                  disables VESA DPMS monitor control
-deferglyphs [none|all|16] defer loading of [no|all|16-bit] glyphs
-f #                   bell base (0-100)
-fc string             cursor font
-fn string             default font name
-fp string             default font path
-help                  prints message with these options
-I                     ignore all remaining arguments
-ld int                limit data space to N Kb
-lf int                limit number of open files to N
-ls int                limit stack space to N Kb
-nolock                disable the locking mechanism
-logo                  enable logo in screen saver
nologo                 disable logo in screen saver
-nolisten string       don't listen on protocol
-noreset               don't reset after last client exists
-reset                 reset after last client exists
-p #                   screen-saver pattern duration (minutes)
-pn                    accept failure to listen on all ports
-nopn                  reject failure to listen on all ports
-r                     turns off auto-repeat
r                      turns on auto-repeat 
-render [default|mono|gray|color] set render color alloc policy
-s #                   screen-saver timeout (minutes)
-su                    disable any save under support
-t #                   mouse threshold (pixels)
-terminate             terminate at server reset
-to #                  connection time out
-tst                   disable testing extensions
ttyxx                  server started from init on /dev/ttyxx
v                      video blanking for screen-saver
-v                     screen-saver without video blanking
-wm                    WhenMapped default backing-store
-wr                    create root window with white background
-x string              loads named extension at init time 
-maxbigreqsize         set maximal bigrequest size 
+xinerama              Enable XINERAMA extension
-xinerama              Disable XINERAMA extension
-dumbSched             Disable smart scheduling, enable old behavior
-schedInterval int     Set scheduler interval in msec
+extension name        Enable extension
-extension name        Disable extension
-query host-name       contact named host for XDMCP
-broadcast             broadcast for XDMCP
-multicast [addr [hops]] IPv6 multicast for XDMCP
-indirect host-name    contact named host for indirect XDMCP
-port port-num         UDP port number to send messages to
-from local-address    specify the local address to connect from
-once                  Terminate server after one session
-class display-class   specify display class to send in manage
-cookie xdm-auth-bits  specify the magic cookie for XDMCP
-displayID display-id  manufacturer display ID for request
-kb                    disable the X Keyboard Extension
+kb                    enable the X Keyboard Extension
[+-]accessx [ timeout [ timeout_mask [ feedback [ options_mask] ] ] ]
                       enable/disable accessx key sequences
-ardelay               set XKB autorepeat delay
-arinterval            set XKB autorepeat interval
-geometry WxH          set framebuffer width & height
-depth D               set framebuffer depth
-pixelformat format    set pixel format (BGRnnn or RGBnnn)
-udpinputport port     UDP port for keyboard/pointer data
-rfbport port          TCP port for RFB protocol
-rfbwait time          max time in ms to wait for RFB client
-nocursor              don't put up a cursor
-rfbauth passwd-file   use authentication on RFB protocol
-loginauth             use login-style Unix authentication
-httpd dir             serve files via HTTP from here
-httpport port         port for HTTP
-deferupdate time      time in ms to defer updates (default 40)
-economictranslate     less memory-hungry translation
-lazytight             disable "gradient" filter in tight encoding
-desktop name          VNC desktop name (default x11)
-alwaysshared          always treat new clients as shared
-nevershared           never treat new clients as shared
-dontdisconnect        don't disconnect existing clients when a new non-shared
                       connection comes in (refuse new connection instead)
-localhost             only allow connections from localhost
			   to the vnc ports. Use -nolisten tcp to disable
			   remote X clients as well.
-viewonly              let clients only view the desktop
-interface ipaddr      only bind to specified interface address
-inetd                 Xvnc is launched by inetd
Unrecognized option: -kill:03
use: X [:<display>] [option]
-a #                   mouse acceleration (pixels)
-ac                    disable access control restrictions
-audit int             set audit trail level
-auth file             select authorization file
-br                    create root window with black background
+bs                    enable any backing store support
-bs                    disable any backing store support
-c                     turns off key-click
c #                    key-click volume (0-100)
-cc int                default color visual class
-core                  generate core dump on fatal error
-dpi int               screen resolution in dots per inch
dpms                   enables VESA DPMS monitor control
-dpms                  disables VESA DPMS monitor control
-deferglyphs [none|all|16] defer loading of [no|all|16-bit] glyphs
-f #                   bell base (0-100)
-fc string             cursor font
-fn string             default font name
-fp string             default font path
-help                  prints message with these options
-I                     ignore all remaining arguments
-ld int                limit data space to N Kb
-lf int                limit number of open files to N
-ls int                limit stack space to N Kb
-nolock                disable the locking mechanism
-logo                  enable logo in screen saver
nologo                 disable logo in screen saver
-nolisten string       don't listen on protocol
-noreset               don't reset after last client exists
-reset                 reset after last client exists
-p #                   screen-saver pattern duration (minutes)
-pn                    accept failure to listen on all ports
-nopn                  reject failure to listen on all ports
-r                     turns off auto-repeat
r                      turns on auto-repeat 
-render [default|mono|gray|color] set render color alloc policy
-s #                   screen-saver timeout (minutes)
-su                    disable any save under support
-t #                   mouse threshold (pixels)
-terminate             terminate at server reset
-to #                  connection time out
-tst                   disable testing extensions
ttyxx                  server started from init on /dev/ttyxx
v                      video blanking for screen-saver
-v                     screen-saver without video blanking
-wm                    WhenMapped default backing-store
-wr                    create root window with white background
-x string              loads named extension at init time 
-maxbigreqsize         set maximal bigrequest size 
+xinerama              Enable XINERAMA extension
-xinerama              Disable XINERAMA extension
-dumbSched             Disable smart scheduling, enable old behavior
-schedInterval int     Set scheduler interval in msec
+extension name        Enable extension
-extension name        Disable extension
-query host-name       contact named host for XDMCP
-broadcast             broadcast for XDMCP
-multicast [addr [hops]] IPv6 multicast for XDMCP
-indirect host-name    contact named host for indirect XDMCP
-port port-num         UDP port number to send messages to
-from local-address    specify the local address to connect from
-once                  Terminate server after one session
-class display-class   specify display class to send in manage
-cookie xdm-auth-bits  specify the magic cookie for XDMCP
-displayID display-id  manufacturer display ID for request
-kb                    disable the X Keyboard Extension
+kb                    enable the X Keyboard Extension
[+-]accessx [ timeout [ timeout_mask [ feedback [ options_mask] ] ] ]
                       enable/disable accessx key sequences
-ardelay               set XKB autorepeat delay
-arinterval            set XKB autorepeat interval
-geometry WxH          set framebuffer width & height
-depth D               set framebuffer depth
-pixelformat format    set pixel format (BGRnnn or RGBnnn)
-udpinputport port     UDP port for keyboard/pointer data
-rfbport port          TCP port for RFB protocol
-rfbwait time          max time in ms to wait for RFB client
-nocursor              don't put up a cursor
-rfbauth passwd-file   use authentication on RFB protocol
-loginauth             use login-style Unix authentication
-httpd dir             serve files via HTTP from here
-httpport port         port for HTTP
-deferupdate time      time in ms to defer updates (default 40)
-economictranslate     less memory-hungry translation
-lazytight             disable "gradient" filter in tight encoding
-desktop name          VNC desktop name (default x11)
-alwaysshared          always treat new clients as shared
-nevershared           never treat new clients as shared
-dontdisconnect        don't disconnect existing clients when a new non-shared
                       connection comes in (refuse new connection instead)
-localhost             only allow connections from localhost
			   to the vnc ports. Use -nolisten tcp to disable
			   remote X clients as well.
-viewonly              let clients only view the desktop
-interface ipaddr      only bind to specified interface address
-inetd                 Xvnc is launched by inetd
